<?xml version="1.0" encoding="UTF-8"?>
<!-- Generated by org.testng.reporters.JUnitReportReporter -->
<testsuite hostname="MAA125CG052CPZN" failures="0" tests="4" name="ExcelDataFiles.ExcelDataDrive" time="0.018" errors="0" timestamp="2024-10-09T15:50:48 IST" skipped="0">
  <testcase classname="ExcelDataFiles.ExcelDataDrive" name="getData" time="0.002"/>
  <system-out/>
  <testcase classname="ExcelDataFiles.ExcelDataDrive" name="getData" time="0.002"/>
  <system-out/>
  <testcase classname="ExcelDataFiles.ExcelDataDrive" name="getData" time="0.012"/>
  <system-out/>
  <testcase classname="ExcelDataFiles.ExcelDataDrive" name="getData" time="0.002"/>
  <system-out/>
</testsuite> <!-- ExcelDataFiles.ExcelDataDrive -->
