<?xml version="1.0" encoding="UTF-8"?>
<!-- Generated by org.testng.reporters.JUnitReportReporter -->
<testsuite hostname="MAA125CG052CPZN" failures="0" tests="5" name="inputDataFiles.TestSuiteExcelDataTest" time="31.682" errors="0" timestamp="2024-11-19T20:25:25 IST" skipped="0">
  <testcase classname="inputDataFiles.TestSuiteExcelDataTest" name="testdata" time="0.003"/>
  <testcase classname="inputDataFiles.TestSuiteExcelDataTest" name="testdata" time="0.001"/>
  <testcase classname="inputDataFiles.TestSuiteExcelDataTest" name="testdata" time="0.012"/>
  <testcase classname="inputDataFiles.TestSuiteExcelDataTest" name="testdata" time="0.010"/>
  <testcase classname="inputDataFiles.TestSuiteExcelDataTest" name="launchURL" time="31.656"/>
</testsuite> <!-- inputDataFiles.TestSuiteExcelDataTest -->
