<?xml version="1.0" encoding="UTF-8"?>
<!-- Generated by org.testng.reporters.JUnitReportReporter -->
<testsuite hostname="MAA125CG052CPZN" failures="0" tests="4" name="jira.LaunchJiraTest" time="14.471" errors="0" timestamp="2025-02-14T19:03:15 IST" skipped="0">
  <testcase classname="jira.LaunchJiraTest" name="testdata" time="3.410"/>
  <testcase classname="jira.LaunchJiraTest" name="testdata" time="4.218"/>
  <testcase classname="jira.LaunchJiraTest" name="testdata" time="3.429"/>
  <testcase classname="jira.LaunchJiraTest" name="testdata" time="3.414"/>
</testsuite> <!-- jira.LaunchJiraTest -->
