<?xml version="1.0" encoding="UTF-8"?>
<!-- Generated by org.testng.reporters.JUnitReportReporter -->
<testsuite hostname="MAA125CG052CPZN" failures="0" tests="5" name="jira.LaunchJira" time="90.956" errors="1" timestamp="2024-10-12T20:33:04 IST" skipped="4">
  <testcase classname="jira.LaunchJira" name="testdata" time="0.000">
    <skipped/>
  </testcase> <!-- testdata -->
  <system-out/>
  <testcase classname="jira.LaunchJira" name="testdata" time="0.000">
    <skipped/>
  </testcase> <!-- testdata -->
  <system-out/>
  <testcase classname="jira.LaunchJira" name="testdata" time="0.000">
    <skipped/>
  </testcase> <!-- testdata -->
  <system-out/>
  <testcase classname="jira.LaunchJira" name="urllaunch" time="90.956">
    <error message="Can&#039;t open the specified file input stream from file: &#039;eneccccfvvgjguneffddnvidvudflrcbhjtdijefnbfc&#039;" type="org.apache.poi.openxml4j.exceptions.InvalidOperationException">
      <![CDATA[org.apache.poi.openxml4j.exceptions.InvalidOperationException: Can't open the specified file input stream from file: 'eneccccfvvgjguneffddnvidvudflrcbhjtdijefnbfc'
at org.apache.poi.openxml4j.opc.ZipPackage.openZipEntrySourceStream(ZipPackage.java:210)
at org.apache.poi.openxml4j.opc.ZipPackage.<init>(ZipPackage.java:197)
at org.apache.poi.openxml4j.opc.ZipPackage.<init>(ZipPackage.java:171)
at org.apache.poi.openxml4j.opc.OPCPackage.open(OPCPackage.java:247)
at org.apache.poi.openxml4j.opc.OPCPackage.open(OPCPackage.java:178)
at org.apache.poi.ooxml.POIXMLDocument.openPackage(POIXMLDocument.java:88)
at org.apache.poi.xssf.usermodel.XSSFWorkbook.<init>(XSSFWorkbook.java:356)
at ExcelDataFiles.TestSuiteExcelData.inputdata(TestSuiteExcelData.java:35)
at jira.LaunchJira.urllaunch(LaunchJira.java:57)
at java.base/jdk.internal.reflect.NativeMethodAccessorImpl.invoke0(Native Method)
at java.base/jdk.internal.reflect.NativeMethodAccessorImpl.invoke(NativeMethodAccessorImpl.java:77)
at java.base/jdk.internal.reflect.DelegatingMethodAccessorImpl.invoke(DelegatingMethodAccessorImpl.java:43)
at java.base/java.lang.reflect.Method.invoke(Method.java:568)
at org.testng.internal.MethodInvocationHelper.invokeMethod(MethodInvocationHelper.java:133)
at org.testng.internal.MethodInvocationHelper.invokeMethodConsideringTimeout(MethodInvocationHelper.java:62)
at org.testng.internal.ConfigInvoker.invokeConfigurationMethod(ConfigInvoker.java:385)
at org.testng.internal.ConfigInvoker.invokeConfigurations(ConfigInvoker.java:321)
at org.testng.TestRunner.invokeTestConfigurations(TestRunner.java:637)
at org.testng.TestRunner.beforeRun(TestRunner.java:627)
at org.testng.TestRunner.run(TestRunner.java:589)
at org.testng.SuiteRunner.runTest(SuiteRunner.java:377)
at org.testng.SuiteRunner.runSequentially(SuiteRunner.java:371)
at org.testng.SuiteRunner.privateRun(SuiteRunner.java:332)
at org.testng.SuiteRunner.run(SuiteRunner.java:276)
at org.testng.SuiteRunnerWorker.runSuite(SuiteRunnerWorker.java:53)
at org.testng.SuiteRunnerWorker.run(SuiteRunnerWorker.java:96)
at org.testng.TestNG.runSuitesSequentially(TestNG.java:1212)
at org.testng.TestNG.runSuitesLocally(TestNG.java:1134)
at org.testng.TestNG.runSuites(TestNG.java:1063)
at org.testng.TestNG.run(TestNG.java:1031)
at org.testng.remote.AbstractRemoteTestNG.run(AbstractRemoteTestNG.java:115)
at org.testng.remote.RemoteTestNG.initAndRun(RemoteTestNG.java:251)
at org.testng.remote.RemoteTestNG.main(RemoteTestNG.java:77)
Caused by: java.nio.file.NoSuchFileException: eneccccfvvgjguneffddnvidvudflrcbhjtdijefnbfc
at java.base/sun.nio.fs.WindowsException.translateToIOException(WindowsException.java:85)
at java.base/sun.nio.fs.WindowsException.rethrowAsIOException(WindowsException.java:103)
at java.base/sun.nio.fs.WindowsException.rethrowAsIOException(WindowsException.java:108)
at java.base/sun.nio.fs.WindowsFileSystemProvider.newByteChannel(WindowsFileSystemProvider.java:236)
at java.base/java.nio.file.Files.newByteChannel(Files.java:380)
at java.base/java.nio.file.Files.newByteChannel(Files.java:432)
at java.base/java.nio.file.spi.FileSystemProvider.newInputStream(FileSystemProvider.java:422)
at java.base/java.nio.file.Files.newInputStream(Files.java:160)
at org.apache.poi.openxml4j.opc.ZipPackage.openZipEntrySourceStream(ZipPackage.java:207)
... 32 more
]]>
    </error>
  </testcase> <!-- urllaunch -->
  <system-out/>
  <testcase classname="jira.LaunchJira" name="testdata" time="0.000">
    <skipped/>
  </testcase> <!-- testdata -->
  <system-out/>
</testsuite> <!-- jira.LaunchJira -->
